<?xml version="1.0" encoding="UTF-8"?>
<testsuite xmlns:xsi="http://www.w3.org/2001/XMLSchema-instance" xsi:noNamespaceSchemaLocation="https://maven.apache.org/surefire/maven-surefire-plugin/xsd/surefire-test-report-3.0.xsd" version="3.0" name="com.noob.config.ConfigApplicationTests" time="5.428" tests="1" errors="0" skipped="0" failures="0">
  <properties>
[...]
</properties>
  <testcase name="contextLoads" classname="com.noob.config.ConfigApplicationTests" time="1.318">
    <system-out><![CDATA[15:17:31.080 [main] INFO org.springframework.test.context.support.AnnotationConfigContextLoaderUtils -- Could not detect default configuration classes for test class [com.noob.config.ConfigApplicationTests]: ConfigApplicationTests does not declare any static, non-private, non-final, nested classes annotated with @Configuration.
15:17:31.219 [main] INFO org.springframework.boot.test.context.SpringBootTestContextBootstrapper -- Found @SpringBootConfiguration com.noob.config.ConfigApplication for test class com.noob.config.ConfigApplicationTests

  .   ____          _            __ _ _
 /\\ / ___'_ __ _ _(_)_ __  __ _ \ \ \ \
( ( )\___ | '_ | '_| | '_ \/ _` | \ \ \ \
 \\/  ___)| |_)| | | | | || (_| |  ) ) ) )
  '  |____| .__|_| |_|_| |_\__, | / / / /
 =========|_|==============|___/=/_/_/_/
 :: Spring Boot ::                (v3.1.2)

2023-08-25T15:17:32.834+07:00  INFO 16520 --- [           main] com.noob.config.ConfigApplicationTests   : The following 1 profile is active: "native"
2023-08-25T15:17:33.713+07:00  INFO 16520 --- [           main] o.s.cloud.context.scope.GenericScope     : BeanFactory id=824eb160-05e1-3121-a081-2845393ce070
2023-08-25T15:17:34.940+07:00  INFO 16520 --- [           main] com.noob.config.ConfigApplicationTests   : Started ConfigApplicationTests in 3.493 seconds (process running for 5.111)
]]></system-out>
  </testcase>
</testsuite>